Copyright 1986-2018 Xilinx, Inc. All Rights Reserved.
----------------------------------------------------------------------------------------------------
| Tool Version : Vivado v.2018.2 (win64) Build 2258646 Thu Jun 14 20:03:12 MDT 2018
| Date         : Thu Apr 11 20:29:15 2019
| Host         : ZYQ-Mac-Win running 64-bit major release  (build 9200)
| Command      : report_clock_utilization -file m3_for_arty_a7_wrapper_clock_utilization_routed.rpt
| Design       : m3_for_arty_a7_wrapper
| Device       : 7a100t-csg324
| Speed File   : -1  PRODUCTION 1.22 2018-03-21
----------------------------------------------------------------------------------------------------

Clock Utilization Report

Table of Contents
-----------------
1. Clock Primitive Utilization
2. Global Clock Resources
3. Global Clock Source Details
4. Clock Regions: Key Resource Utilization
5. Clock Regions : Global Clock Summary
6. Device Cell Placement Summary for Global Clock g0
7. Device Cell Placement Summary for Global Clock g1
8. Device Cell Placement Summary for Global Clock g2
9. Device Cell Placement Summary for Global Clock g3
10. Device Cell Placement Summary for Global Clock g4
11. Device Cell Placement Summary for Global Clock g5
12. Clock Region Cell Placement per Global Clock: Region X0Y0
13. Clock Region Cell Placement per Global Clock: Region X1Y0
14. Clock Region Cell Placement per Global Clock: Region X0Y1
15. Clock Region Cell Placement per Global Clock: Region X1Y1
16. Clock Region Cell Placement per Global Clock: Region X0Y2
17. Clock Region Cell Placement per Global Clock: Region X1Y2

1. Clock Primitive Utilization
------------------------------

+----------+------+-----------+-----+--------------+--------+
| Type     | Used | Available | LOC | Clock Region | Pblock |
+----------+------+-----------+-----+--------------+--------+
| BUFGCTRL |    4 |        32 |   0 |            0 |      0 |
| BUFH     |    2 |        96 |   0 |            0 |      0 |
| BUFIO    |    0 |        24 |   0 |            0 |      0 |
| BUFMR    |    0 |        12 |   0 |            0 |      0 |
| BUFR     |    0 |        24 |   0 |            0 |      0 |
| MMCM     |    1 |         6 |   0 |            0 |      0 |
| PLL      |    0 |         6 |   0 |            0 |      0 |
+----------+------+-----------+-----+--------------+--------+


2. Global Clock Resources
-------------------------

+-----------+-----------+-----------------+------------+----------------+--------------+-------------------+-------------+-----------------+--------------+-------------------------------------+--------------------------------------------------------------------+----------------------------------------------------------------------------------------------+
| Global Id | Source Id | Driver Type/Pin | Constraint | Site           | Clock Region | Load Clock Region | Clock Loads | Non-Clock Loads | Clock Period | Clock                               | Driver Pin                                                         | Net                                                                                          |
+-----------+-----------+-----------------+------------+----------------+--------------+-------------------+-------------+-----------------+--------------+-------------------------------------+--------------------------------------------------------------------+----------------------------------------------------------------------------------------------+
| g0        | src0      | BUFGCTRL/O      | None       | BUFGCTRL_X0Y17 | n/a          |                 6 |        7577 |               0 |       20.000 | cpu_clk                             | m3_for_arty_a7_i/Clocks_and_Resets/clk_wiz_0/inst/clkout1_buf/O    | m3_for_arty_a7_i/Clocks_and_Resets/clk_wiz_0/inst/clk_out1                                   |
| g1        | src0      | BUFH/O          | None       | BUFHCE_X0Y24   | X0Y2         |                 1 |           8 |               0 |       20.000 | cpu_clk                             | m3_for_arty_a7_i/Clocks_and_Resets/clk_wiz_0/inst/clkout1_buf_en/O | m3_for_arty_a7_i/Clocks_and_Resets/clk_wiz_0/inst/clk_out1_m3_for_arty_a7_clk_wiz_0_0_en_clk |
| g2        | src0      | BUFGCTRL/O      | None       | BUFGCTRL_X0Y16 | n/a          |                 4 |        1132 |               0 |       20.000 | qspi_clk                            | m3_for_arty_a7_i/Clocks_and_Resets/clk_wiz_0/inst/clkout2_buf/O    | m3_for_arty_a7_i/Clocks_and_Resets/clk_wiz_0/inst/clk_out2                                   |
| g3        | src0      | BUFH/O          | None       | BUFHCE_X0Y25   | X0Y2         |                 1 |           8 |               0 |       20.000 | qspi_clk                            | m3_for_arty_a7_i/Clocks_and_Resets/clk_wiz_0/inst/clkout2_buf_en/O | m3_for_arty_a7_i/Clocks_and_Resets/clk_wiz_0/inst/clk_out2_m3_for_arty_a7_clk_wiz_0_0_en_clk |
| g4        | src1      | BUFG/O          | None       | BUFGCTRL_X0Y18 | n/a          |                 2 |         377 |               0 |       50.000 | SWCLK                               | DAPLink_tri_o_OBUF[15]_BUFG_inst/O                                 | DAPLink_tri_o_OBUF_BUFG[15]                                                                  |
| g5        | src0      | BUFG/O          | None       | BUFGCTRL_X0Y19 | n/a          |                 1 |           1 |               0 |       10.000 | clkfbout_m3_for_arty_a7_clk_wiz_0_0 | m3_for_arty_a7_i/Clocks_and_Resets/clk_wiz_0/inst/clkf_buf/O       | m3_for_arty_a7_i/Clocks_and_Resets/clk_wiz_0/inst/clkfbout_buf_m3_for_arty_a7_clk_wiz_0_0    |
+-----------+-----------+-----------------+------------+----------------+--------------+-------------------+-------------+-----------------+--------------+-------------------------------------+--------------------------------------------------------------------+----------------------------------------------------------------------------------------------+
* Clock Loads column represents the clock pin loads (pin count)
** Non-Clock Loads column represents the non-clock pin loads (pin count)


3. Global Clock Source Details
------------------------------

+-----------+-----------+---------------------+------------+-----------------+--------------+-------------+-----------------+---------------------+-------------------------------------+--------------------------------------------------------------------------+---------------------------------------------------------------------------------------+
| Source Id | Global Id | Driver Type/Pin     | Constraint | Site            | Clock Region | Clock Loads | Non-Clock Loads | Source Clock Period | Source Clock                        | Driver Pin                                                               | Net                                                                                   |
+-----------+-----------+---------------------+------------+-----------------+--------------+-------------+-----------------+---------------------+-------------------------------------+--------------------------------------------------------------------------+---------------------------------------------------------------------------------------+
| src0      | g0, g1    | MMCME2_ADV/CLKOUT0  | None       | MMCME2_ADV_X1Y2 | X1Y2         |           2 |               0 |              20.000 | cpu_clk                             | m3_for_arty_a7_i/Clocks_and_Resets/clk_wiz_0/inst/mmcm_adv_inst/CLKOUT0  | m3_for_arty_a7_i/Clocks_and_Resets/clk_wiz_0/inst/clk_out1_m3_for_arty_a7_clk_wiz_0_0 |
| src0      | g2, g3    | MMCME2_ADV/CLKOUT1  | None       | MMCME2_ADV_X1Y2 | X1Y2         |           2 |               0 |              20.000 | qspi_clk                            | m3_for_arty_a7_i/Clocks_and_Resets/clk_wiz_0/inst/mmcm_adv_inst/CLKOUT1  | m3_for_arty_a7_i/Clocks_and_Resets/clk_wiz_0/inst/clk_out2_m3_for_arty_a7_clk_wiz_0_0 |
| src0      | g5        | MMCME2_ADV/CLKFBOUT | None       | MMCME2_ADV_X1Y2 | X1Y2         |           1 |               0 |              10.000 | clkfbout_m3_for_arty_a7_clk_wiz_0_0 | m3_for_arty_a7_i/Clocks_and_Resets/clk_wiz_0/inst/mmcm_adv_inst/CLKFBOUT | m3_for_arty_a7_i/Clocks_and_Resets/clk_wiz_0/inst/clkfbout_m3_for_arty_a7_clk_wiz_0_0 |
| src1      | g4        | IBUF/O              | IOB_X0Y124 | IOB_X0Y124      | X0Y2         |           1 |               0 |              50.000 | SWCLK                               | DAPLink_tri_o[15]_IBUF_inst/O                                            | DAPLink_tri_o_OBUF[15]                                                                |
+-----------+-----------+---------------------+------------+-----------------+--------------+-------------+-----------------+---------------------+-------------------------------------+--------------------------------------------------------------------------+---------------------------------------------------------------------------------------+
* Clock Loads column represents the clock pin loads (pin count)
** Non-Clock Loads column represents the non-clock pin loads (pin count)


4. Clock Regions: Key Resource Utilization
------------------------------------------

+-------------------+--------------+--------------+--------------+--------------+--------------+--------------+--------------+--------------+--------------+--------------+--------------+--------------+--------------+--------------+--------------+
|                   | Global Clock |     BUFRs    |    BUFMRs    |    BUFIOs    |     MMCM     |      PLL     |      GT      |      PCI     |    ILOGIC    |    OLOGIC    |      FF      |     LUTM     |    RAMB18    |    RAMB36    |    DSP48E2   |
+-------------------+------+-------+------+-------+------+-------+------+-------+------+-------+------+-------+------+-------+------+-------+------+-------+------+-------+------+-------+------+-------+------+-------+------+-------+------+-------+
| Clock Region Name | Used | Avail | Used | Avail | Used | Avail | Used | Avail | Used | Avail | Used | Avail | Used | Avail | Used | Avail | Used | Avail | Used | Avail | Used | Avail | Used | Avail | Used | Avail | Used | Avail | Used | Avail |
+-------------------+------+-------+------+-------+------+-------+------+-------+------+-------+------+-------+------+-------+------+-------+------+-------+------+-------+------+-------+------+-------+------+-------+------+-------+------+-------+
| X0Y0              |    2 |    12 |    0 |     4 |    0 |     2 |    0 |     4 |    0 |     1 |    0 |     1 |    0 |     0 |    0 |     0 |    0 |    50 |    0 |    50 | 2616 |  2600 |  679 |   600 |    1 |    20 |    6 |    10 |    0 |    20 |
| X1Y0              |    2 |    12 |    0 |     0 |    0 |     0 |    0 |     0 |    0 |     0 |    0 |     0 |    0 |     4 |    0 |     0 |    0 |     0 |    0 |     0 |  146 |  1500 |   74 |   550 |    0 |    40 |    3 |    20 |    0 |    40 |
| X0Y1              |    3 |    12 |    0 |     4 |    0 |     2 |    0 |     4 |    0 |     1 |    0 |     1 |    0 |     0 |    0 |     0 |    4 |    50 |    0 |    50 | 3396 |  2000 | 1004 |   600 |    0 |    20 |    4 |    10 |    0 |    20 |
| X1Y1              |    1 |    12 |    0 |     4 |    0 |     2 |    0 |     4 |    0 |     1 |    0 |     1 |    0 |     0 |    0 |     0 |    0 |    50 |    0 |    50 | 1710 |  1900 |  637 |   650 |    0 |    60 |    5 |    30 |    0 |    40 |
| X0Y2              |    5 |    12 |    0 |     4 |    0 |     2 |    0 |     4 |    0 |     1 |    0 |     1 |    0 |     0 |    0 |     0 |    1 |    50 |    1 |    50 |  997 |  2000 |  317 |   600 |    0 |    20 |    0 |    10 |    0 |    20 |
| X1Y2              |    2 |    12 |    0 |     4 |    0 |     2 |    0 |     4 |    1 |     1 |    0 |     1 |    0 |     0 |    0 |     0 |    0 |    50 |    0 |    50 |  108 |  1900 |   39 |   650 |    0 |    60 |    0 |    30 |    0 |    40 |
| X0Y3              |    0 |    12 |    0 |     4 |    0 |     2 |    0 |     4 |    0 |     1 |    0 |     1 |    0 |     0 |    0 |     0 |    0 |    50 |    0 |    50 |    0 |  2600 |    0 |   600 |    0 |    20 |    0 |    10 |    0 |    20 |
| X1Y3              |    0 |    12 |    0 |     0 |    0 |     0 |    0 |     0 |    0 |     0 |    0 |     0 |    0 |     4 |    0 |     1 |    0 |     0 |    0 |     0 |    0 |  1350 |    0 |   500 |    0 |    30 |    0 |    15 |    0 |    40 |
+-------------------+------+-------+------+-------+------+-------+------+-------+------+-------+------+-------+------+-------+------+-------+------+-------+------+-------+------+-------+------+-------+------+-------+------+-------+------+-------+
* Global Clock column represents track count; while other columns represents cell counts


5. Clock Regions : Global Clock Summary
---------------------------------------

All Modules
+----+----+----+
|    | X0 | X1 |
+----+----+----+
| Y3 |  0 |  0 |
| Y2 |  5 |  2 |
| Y1 |  3 |  1 |
| Y0 |  2 |  2 |
+----+----+----+


6. Device Cell Placement Summary for Global Clock g0
----------------------------------------------------

+-----------+-----------------+-------------------+---------+-------------+----------------+-------------+----------+----------------+----------+------------------------------------------------------------+
| Global Id | Driver Type/Pin | Driver Region (D) | Clock   | Period (ns) | Waveform (ns)  | Slice Loads | IO Loads | Clocking Loads | GT Loads | Net                                                        |
+-----------+-----------------+-------------------+---------+-------------+----------------+-------------+----------+----------------+----------+------------------------------------------------------------+
| g0        | BUFGCTRL/O      | n/a               | cpu_clk |      20.000 | {0.000 10.000} |        7559 |        0 |              0 |        0 | m3_for_arty_a7_i/Clocks_and_Resets/clk_wiz_0/inst/clk_out1 |
+-----------+-----------------+-------------------+---------+-------------+----------------+-------------+----------+----------------+----------+------------------------------------------------------------+
* Logic Loads column represents load cell count of all cell types other than IO, GT and clock resources
** IO Loads column represents load cell count of IO types
*** Clocking Loads column represents load cell count that are clock resources (global clock buffer, MMCM, PLL, etc)
**** GT Loads column represents load cell count of GT types


+----+-------+-------+
|    | X0    | X1    |
+----+-------+-------+
| Y3 |     0 |     0 |
| Y2 |   746 |   108 |
| Y1 |  3035 |  1715 |
| Y0 |  1870 |    85 |
+----+-------+-------+


7. Device Cell Placement Summary for Global Clock g1
----------------------------------------------------

+-----------+-----------------+-------------------+---------+-------------+----------------+-------------+----------+----------------+----------+----------------------------------------------------------------------------------------------+
| Global Id | Driver Type/Pin | Driver Region (D) | Clock   | Period (ns) | Waveform (ns)  | Slice Loads | IO Loads | Clocking Loads | GT Loads | Net                                                                                          |
+-----------+-----------------+-------------------+---------+-------------+----------------+-------------+----------+----------------+----------+----------------------------------------------------------------------------------------------+
| g1        | BUFH/O          | X0Y2              | cpu_clk |      20.000 | {0.000 10.000} |           8 |        0 |              0 |        0 | m3_for_arty_a7_i/Clocks_and_Resets/clk_wiz_0/inst/clk_out1_m3_for_arty_a7_clk_wiz_0_0_en_clk |
+-----------+-----------------+-------------------+---------+-------------+----------------+-------------+----------+----------------+----------+----------------------------------------------------------------------------------------------+
* Logic Loads column represents load cell count of all cell types other than IO, GT and clock resources
** IO Loads column represents load cell count of IO types
*** Clocking Loads column represents load cell count that are clock resources (global clock buffer, MMCM, PLL, etc)
**** GT Loads column represents load cell count of GT types


+----+--------+----+
|    | X0     | X1 |
+----+--------+----+
| Y3 |      0 |  0 |
| Y2 |  (D) 8 |  0 |
| Y1 |      0 |  0 |
| Y0 |      0 |  0 |
+----+--------+----+


8. Device Cell Placement Summary for Global Clock g2
----------------------------------------------------

+-----------+-----------------+-------------------+----------+-------------+----------------+-------------+----------+----------------+----------+------------------------------------------------------------+
| Global Id | Driver Type/Pin | Driver Region (D) | Clock    | Period (ns) | Waveform (ns)  | Slice Loads | IO Loads | Clocking Loads | GT Loads | Net                                                        |
+-----------+-----------------+-------------------+----------+-------------+----------------+-------------+----------+----------------+----------+------------------------------------------------------------+
| g2        | BUFGCTRL/O      | n/a               | qspi_clk |      20.000 | {0.000 10.000} |        1132 |        0 |              0 |        0 | m3_for_arty_a7_i/Clocks_and_Resets/clk_wiz_0/inst/clk_out2 |
+-----------+-----------------+-------------------+----------+-------------+----------------+-------------+----------+----------------+----------+------------------------------------------------------------+
* Logic Loads column represents load cell count of all cell types other than IO, GT and clock resources
** IO Loads column represents load cell count of IO types
*** Clocking Loads column represents load cell count that are clock resources (global clock buffer, MMCM, PLL, etc)
**** GT Loads column represents load cell count of GT types


+----+------+-----+
|    | X0   | X1  |
+----+------+-----+
| Y3 |    0 |   0 |
| Y2 |  206 |   0 |
| Y1 |   66 |   0 |
| Y0 |  790 |  70 |
+----+------+-----+


9. Device Cell Placement Summary for Global Clock g3
----------------------------------------------------

+-----------+-----------------+-------------------+----------+-------------+----------------+-------------+----------+----------------+----------+----------------------------------------------------------------------------------------------+
| Global Id | Driver Type/Pin | Driver Region (D) | Clock    | Period (ns) | Waveform (ns)  | Slice Loads | IO Loads | Clocking Loads | GT Loads | Net                                                                                          |
+-----------+-----------------+-------------------+----------+-------------+----------------+-------------+----------+----------------+----------+----------------------------------------------------------------------------------------------+
| g3        | BUFH/O          | X0Y2              | qspi_clk |      20.000 | {0.000 10.000} |           8 |        0 |              0 |        0 | m3_for_arty_a7_i/Clocks_and_Resets/clk_wiz_0/inst/clk_out2_m3_for_arty_a7_clk_wiz_0_0_en_clk |
+-----------+-----------------+-------------------+----------+-------------+----------------+-------------+----------+----------------+----------+----------------------------------------------------------------------------------------------+
* Logic Loads column represents load cell count of all cell types other than IO, GT and clock resources
** IO Loads column represents load cell count of IO types
*** Clocking Loads column represents load cell count that are clock resources (global clock buffer, MMCM, PLL, etc)
**** GT Loads column represents load cell count of GT types


+----+--------+----+
|    | X0     | X1 |
+----+--------+----+
| Y3 |      0 |  0 |
| Y2 |  (D) 8 |  0 |
| Y1 |      0 |  0 |
| Y0 |      0 |  0 |
+----+--------+----+


10. Device Cell Placement Summary for Global Clock g4
-----------------------------------------------------

+-----------+-----------------+-------------------+-------+-------------+----------------+-------------+----------+----------------+----------+-----------------------------+
| Global Id | Driver Type/Pin | Driver Region (D) | Clock | Period (ns) | Waveform (ns)  | Slice Loads | IO Loads | Clocking Loads | GT Loads | Net                         |
+-----------+-----------------+-------------------+-------+-------------+----------------+-------------+----------+----------------+----------+-----------------------------+
| g4        | BUFG/O          | n/a               | SWCLK |      50.000 | {0.000 25.000} |         377 |        0 |              0 |        0 | DAPLink_tri_o_OBUF_BUFG[15] |
+-----------+-----------------+-------------------+-------+-------------+----------------+-------------+----------+----------------+----------+-----------------------------+
* Logic Loads column represents load cell count of all cell types other than IO, GT and clock resources
** IO Loads column represents load cell count of IO types
*** Clocking Loads column represents load cell count that are clock resources (global clock buffer, MMCM, PLL, etc)
**** GT Loads column represents load cell count of GT types


+----+------+----+
|    | X0   | X1 |
+----+------+----+
| Y3 |    0 |  0 |
| Y2 |   34 |  0 |
| Y1 |  343 |  0 |
| Y0 |    0 |  0 |
+----+------+----+


11. Device Cell Placement Summary for Global Clock g5
-----------------------------------------------------

+-----------+-----------------+-------------------+-------------------------------------+-------------+---------------+-------------+----------+----------------+----------+-------------------------------------------------------------------------------------------+
| Global Id | Driver Type/Pin | Driver Region (D) | Clock                               | Period (ns) | Waveform (ns) | Slice Loads | IO Loads | Clocking Loads | GT Loads | Net                                                                                       |
+-----------+-----------------+-------------------+-------------------------------------+-------------+---------------+-------------+----------+----------------+----------+-------------------------------------------------------------------------------------------+
| g5        | BUFG/O          | n/a               | clkfbout_m3_for_arty_a7_clk_wiz_0_0 |      10.000 | {0.000 5.000} |           0 |        0 |              1 |        0 | m3_for_arty_a7_i/Clocks_and_Resets/clk_wiz_0/inst/clkfbout_buf_m3_for_arty_a7_clk_wiz_0_0 |
+-----------+-----------------+-------------------+-------------------------------------+-------------+---------------+-------------+----------+----------------+----------+-------------------------------------------------------------------------------------------+
* Logic Loads column represents load cell count of all cell types other than IO, GT and clock resources
** IO Loads column represents load cell count of IO types
*** Clocking Loads column represents load cell count that are clock resources (global clock buffer, MMCM, PLL, etc)
**** GT Loads column represents load cell count of GT types


+----+----+----+
|    | X0 | X1 |
+----+----+----+
| Y3 |  0 |  0 |
| Y2 |  0 |  1 |
| Y1 |  0 |  0 |
| Y0 |  0 |  0 |
+----+----+----+


12. Clock Region Cell Placement per Global Clock: Region X0Y0
-------------------------------------------------------------

+-----------+-------+-----------------+------------+-------------+-----------------+------+--------+------+-----+----+------+-----+---------+------------------------------------------------------------+
| Global Id | Track | Driver Type/Pin | Constraint | Clock Loads | Non-Clock Loads | FF   | LUTRAM | RAMB | DSP | GT | MMCM | PLL | Hard IP | Net                                                        |
+-----------+-------+-----------------+------------+-------------+-----------------+------+--------+------+-----+----+------+-----+---------+------------------------------------------------------------+
| g0        | n/a   | BUFGCTRL/O      | None       |        1870 |               0 | 1829 |     33 |    7 |   0 |  0 |    0 |   0 |       0 | m3_for_arty_a7_i/Clocks_and_Resets/clk_wiz_0/inst/clk_out1 |
| g2        | n/a   | BUFGCTRL/O      | None       |         790 |               0 |  787 |      0 |    1 |   0 |  0 |    0 |   0 |       0 | m3_for_arty_a7_i/Clocks_and_Resets/clk_wiz_0/inst/clk_out2 |
+-----------+-------+-----------------+------------+-------------+-----------------+------+--------+------+-----+----+------+-----+---------+------------------------------------------------------------+
* Clock Loads column represents the clock pin loads (pin count)
** Non-Clock Loads column represents the non-clock pin loads (pin count)
*** Columns FF, LUTRAM, RAMB through 'Hard IP' represents load cell counts


13. Clock Region Cell Placement per Global Clock: Region X1Y0
-------------------------------------------------------------

+-----------+-------+-----------------+------------+-------------+-----------------+----+--------+------+-----+----+------+-----+---------+------------------------------------------------------------+
| Global Id | Track | Driver Type/Pin | Constraint | Clock Loads | Non-Clock Loads | FF | LUTRAM | RAMB | DSP | GT | MMCM | PLL | Hard IP | Net                                                        |
+-----------+-------+-----------------+------------+-------------+-----------------+----+--------+------+-----+----+------+-----+---------+------------------------------------------------------------+
| g0        | n/a   | BUFGCTRL/O      | None       |          85 |               0 | 79 |      0 |    3 |   0 |  0 |    0 |   0 |       0 | m3_for_arty_a7_i/Clocks_and_Resets/clk_wiz_0/inst/clk_out1 |
| g2        | n/a   | BUFGCTRL/O      | None       |          70 |               0 | 67 |      0 |    0 |   0 |  0 |    0 |   0 |       0 | m3_for_arty_a7_i/Clocks_and_Resets/clk_wiz_0/inst/clk_out2 |
+-----------+-------+-----------------+------------+-------------+-----------------+----+--------+------+-----+----+------+-----+---------+------------------------------------------------------------+
* Clock Loads column represents the clock pin loads (pin count)
** Non-Clock Loads column represents the non-clock pin loads (pin count)
*** Columns FF, LUTRAM, RAMB through 'Hard IP' represents load cell counts


14. Clock Region Cell Placement per Global Clock: Region X0Y1
-------------------------------------------------------------

+-----------+-------+-----------------+------------+-------------+-----------------+------+--------+------+-----+----+------+-----+---------+------------------------------------------------------------+
| Global Id | Track | Driver Type/Pin | Constraint | Clock Loads | Non-Clock Loads | FF   | LUTRAM | RAMB | DSP | GT | MMCM | PLL | Hard IP | Net                                                        |
+-----------+-------+-----------------+------------+-------------+-----------------+------+--------+------+-----+----+------+-----+---------+------------------------------------------------------------+
| g0        | n/a   | BUFGCTRL/O      | None       |        3035 |               0 | 2988 |     42 |    4 |   0 |  0 |    0 |   0 |       0 | m3_for_arty_a7_i/Clocks_and_Resets/clk_wiz_0/inst/clk_out1 |
| g2        | n/a   | BUFGCTRL/O      | None       |          66 |               0 |   65 |      0 |    0 |   0 |  0 |    0 |   0 |       0 | m3_for_arty_a7_i/Clocks_and_Resets/clk_wiz_0/inst/clk_out2 |
| g4        | n/a   | BUFG/O          | None       |         343 |               0 |  343 |      0 |    0 |   0 |  0 |    0 |   0 |       0 | DAPLink_tri_o_OBUF_BUFG[15]                                |
+-----------+-------+-----------------+------------+-------------+-----------------+------+--------+------+-----+----+------+-----+---------+------------------------------------------------------------+
* Clock Loads column represents the clock pin loads (pin count)
** Non-Clock Loads column represents the non-clock pin loads (pin count)
*** Columns FF, LUTRAM, RAMB through 'Hard IP' represents load cell counts


15. Clock Region Cell Placement per Global Clock: Region X1Y1
-------------------------------------------------------------

+-----------+-------+-----------------+------------+-------------+-----------------+------+--------+------+-----+----+------+-----+---------+------------------------------------------------------------+
| Global Id | Track | Driver Type/Pin | Constraint | Clock Loads | Non-Clock Loads | FF   | LUTRAM | RAMB | DSP | GT | MMCM | PLL | Hard IP | Net                                                        |
+-----------+-------+-----------------+------------+-------------+-----------------+------+--------+------+-----+----+------+-----+---------+------------------------------------------------------------+
| g0        | n/a   | BUFGCTRL/O      | None       |        1715 |               0 | 1710 |      0 |    5 |   0 |  0 |    0 |   0 |       0 | m3_for_arty_a7_i/Clocks_and_Resets/clk_wiz_0/inst/clk_out1 |
+-----------+-------+-----------------+------------+-------------+-----------------+------+--------+------+-----+----+------+-----+---------+------------------------------------------------------------+
* Clock Loads column represents the clock pin loads (pin count)
** Non-Clock Loads column represents the non-clock pin loads (pin count)
*** Columns FF, LUTRAM, RAMB through 'Hard IP' represents load cell counts


16. Clock Region Cell Placement per Global Clock: Region X0Y2
-------------------------------------------------------------

+-----------+-------+-----------------+------------+-------------+-----------------+-----+--------+------+-----+----+------+-----+---------+----------------------------------------------------------------------------------------------+
| Global Id | Track | Driver Type/Pin | Constraint | Clock Loads | Non-Clock Loads | FF  | LUTRAM | RAMB | DSP | GT | MMCM | PLL | Hard IP | Net                                                                                          |
+-----------+-------+-----------------+------------+-------------+-----------------+-----+--------+------+-----+----+------+-----+---------+----------------------------------------------------------------------------------------------+
| g0        | n/a   | BUFGCTRL/O      | None       |         746 |               0 | 743 |      2 |    0 |   0 |  0 |    0 |   0 |       0 | m3_for_arty_a7_i/Clocks_and_Resets/clk_wiz_0/inst/clk_out1                                   |
| g2        | n/a   | BUFGCTRL/O      | None       |         206 |               0 | 204 |      0 |    0 |   0 |  0 |    0 |   0 |       0 | m3_for_arty_a7_i/Clocks_and_Resets/clk_wiz_0/inst/clk_out2                                   |
| g4        | n/a   | BUFG/O          | None       |          34 |               0 |  34 |      0 |    0 |   0 |  0 |    0 |   0 |       0 | DAPLink_tri_o_OBUF_BUFG[15]                                                                  |
| g1        | n/a   | BUFH/O          | None       |           8 |               0 |   8 |      0 |    0 |   0 |  0 |    0 |   0 |       0 | m3_for_arty_a7_i/Clocks_and_Resets/clk_wiz_0/inst/clk_out1_m3_for_arty_a7_clk_wiz_0_0_en_clk |
| g3        | n/a   | BUFH/O          | None       |           8 |               0 |   8 |      0 |    0 |   0 |  0 |    0 |   0 |       0 | m3_for_arty_a7_i/Clocks_and_Resets/clk_wiz_0/inst/clk_out2_m3_for_arty_a7_clk_wiz_0_0_en_clk |
+-----------+-------+-----------------+------------+-------------+-----------------+-----+--------+------+-----+----+------+-----+---------+----------------------------------------------------------------------------------------------+
* Clock Loads column represents the clock pin loads (pin count)
** Non-Clock Loads column represents the non-clock pin loads (pin count)
*** Columns FF, LUTRAM, RAMB through 'Hard IP' represents load cell counts


17. Clock Region Cell Placement per Global Clock: Region X1Y2
-------------------------------------------------------------

+-----------+-------+-----------------+------------+-------------+-----------------+-----+--------+------+-----+----+------+-----+---------+-------------------------------------------------------------------------------------------+
| Global Id | Track | Driver Type/Pin | Constraint | Clock Loads | Non-Clock Loads | FF  | LUTRAM | RAMB | DSP | GT | MMCM | PLL | Hard IP | Net                                                                                       |
+-----------+-------+-----------------+------------+-------------+-----------------+-----+--------+------+-----+----+------+-----+---------+-------------------------------------------------------------------------------------------+
| g0        | n/a   | BUFGCTRL/O      | None       |         108 |               0 | 108 |      0 |    0 |   0 |  0 |    0 |   0 |       0 | m3_for_arty_a7_i/Clocks_and_Resets/clk_wiz_0/inst/clk_out1                                |
| g5        | n/a   | BUFG/O          | None       |           1 |               0 |   0 |      0 |    0 |   0 |  0 |    1 |   0 |       0 | m3_for_arty_a7_i/Clocks_and_Resets/clk_wiz_0/inst/clkfbout_buf_m3_for_arty_a7_clk_wiz_0_0 |
+-----------+-------+-----------------+------------+-------------+-----------------+-----+--------+------+-----+----+------+-----+---------+-------------------------------------------------------------------------------------------+
* Clock Loads column represents the clock pin loads (pin count)
** Non-Clock Loads column represents the non-clock pin loads (pin count)
*** Columns FF, LUTRAM, RAMB through 'Hard IP' represents load cell counts



# Location of BUFG Primitives 
set_property LOC BUFGCTRL_X0Y19 [get_cells m3_for_arty_a7_i/Clocks_and_Resets/clk_wiz_0/inst/clkf_buf]
set_property LOC BUFGCTRL_X0Y16 [get_cells m3_for_arty_a7_i/Clocks_and_Resets/clk_wiz_0/inst/clkout2_buf]
set_property LOC BUFGCTRL_X0Y17 [get_cells m3_for_arty_a7_i/Clocks_and_Resets/clk_wiz_0/inst/clkout1_buf]
set_property LOC BUFGCTRL_X0Y18 [get_cells DAPLink_tri_o_OBUF[15]_BUFG_inst]

# Location of BUFH Primitives 
set_property LOC BUFHCE_X0Y25 [get_cells m3_for_arty_a7_i/Clocks_and_Resets/clk_wiz_0/inst/clkout2_buf_en]
set_property LOC BUFHCE_X0Y24 [get_cells m3_for_arty_a7_i/Clocks_and_Resets/clk_wiz_0/inst/clkout1_buf_en]

# Location of IO Primitives which is load of clock spine

# Location of clock ports
set_property LOC IOB_X1Y126 [get_ports sys_clock]

# Clock net "m3_for_arty_a7_i/Clocks_and_Resets/clk_wiz_0/inst/clk_out2_m3_for_arty_a7_clk_wiz_0_0_en_clk" driven by instance "m3_for_arty_a7_i/Clocks_and_Resets/clk_wiz_0/inst/clkout2_buf_en" located at site "BUFHCE_X0Y25"
#startgroup
create_pblock {CLKAG_m3_for_arty_a7_i/Clocks_and_Resets/clk_wiz_0/inst/clk_out2_m3_for_arty_a7_clk_wiz_0_0_en_clk}
add_cells_to_pblock [get_pblocks  {CLKAG_m3_for_arty_a7_i/Clocks_and_Resets/clk_wiz_0/inst/clk_out2_m3_for_arty_a7_clk_wiz_0_0_en_clk}] [get_cells -filter { PRIMITIVE_GROUP != I/O && IS_PRIMITIVE==1 && PRIMITIVE_LEVEL !=INTERNAL } -of_object [get_pins -filter {DIRECTION==IN} -of_objects [get_nets -hierarchical -filter {PARENT=="m3_for_arty_a7_i/Clocks_and_Resets/clk_wiz_0/inst/clk_out2_m3_for_arty_a7_clk_wiz_0_0_en_clk"}]]]
resize_pblock [get_pblocks {CLKAG_m3_for_arty_a7_i/Clocks_and_Resets/clk_wiz_0/inst/clk_out2_m3_for_arty_a7_clk_wiz_0_0_en_clk}] -add {CLOCKREGION_X0Y2:CLOCKREGION_X0Y2}
#endgroup

# Clock net "m3_for_arty_a7_i/Clocks_and_Resets/clk_wiz_0/inst/clk_out2" driven by instance "m3_for_arty_a7_i/Clocks_and_Resets/clk_wiz_0/inst/clkout2_buf" located at site "BUFGCTRL_X0Y16"
#startgroup
create_pblock {CLKAG_m3_for_arty_a7_i/Clocks_and_Resets/clk_wiz_0/inst/clk_out2}
add_cells_to_pblock [get_pblocks  {CLKAG_m3_for_arty_a7_i/Clocks_and_Resets/clk_wiz_0/inst/clk_out2}] [get_cells -filter { PRIMITIVE_GROUP != I/O && IS_PRIMITIVE==1 && PRIMITIVE_LEVEL !=INTERNAL } -of_object [get_pins -filter {DIRECTION==IN} -of_objects [get_nets -hierarchical -filter {PARENT=="m3_for_arty_a7_i/Clocks_and_Resets/clk_wiz_0/inst/clk_out2"}]]]
resize_pblock [get_pblocks {CLKAG_m3_for_arty_a7_i/Clocks_and_Resets/clk_wiz_0/inst/clk_out2}] -add {CLOCKREGION_X0Y0:CLOCKREGION_X0Y0 CLOCKREGION_X0Y1:CLOCKREGION_X0Y1 CLOCKREGION_X0Y2:CLOCKREGION_X0Y2 CLOCKREGION_X1Y0:CLOCKREGION_X1Y0}
#endgroup

# Clock net "m3_for_arty_a7_i/Clocks_and_Resets/clk_wiz_0/inst/clk_out1_m3_for_arty_a7_clk_wiz_0_0_en_clk" driven by instance "m3_for_arty_a7_i/Clocks_and_Resets/clk_wiz_0/inst/clkout1_buf_en" located at site "BUFHCE_X0Y24"
#startgroup
create_pblock {CLKAG_m3_for_arty_a7_i/Clocks_and_Resets/clk_wiz_0/inst/clk_out1_m3_for_arty_a7_clk_wiz_0_0_en_clk}
add_cells_to_pblock [get_pblocks  {CLKAG_m3_for_arty_a7_i/Clocks_and_Resets/clk_wiz_0/inst/clk_out1_m3_for_arty_a7_clk_wiz_0_0_en_clk}] [get_cells -filter { PRIMITIVE_GROUP != I/O && IS_PRIMITIVE==1 && PRIMITIVE_LEVEL !=INTERNAL } -of_object [get_pins -filter {DIRECTION==IN} -of_objects [get_nets -hierarchical -filter {PARENT=="m3_for_arty_a7_i/Clocks_and_Resets/clk_wiz_0/inst/clk_out1_m3_for_arty_a7_clk_wiz_0_0_en_clk"}]]]
resize_pblock [get_pblocks {CLKAG_m3_for_arty_a7_i/Clocks_and_Resets/clk_wiz_0/inst/clk_out1_m3_for_arty_a7_clk_wiz_0_0_en_clk}] -add {CLOCKREGION_X0Y2:CLOCKREGION_X0Y2}
#endgroup

# Clock net "m3_for_arty_a7_i/Clocks_and_Resets/clk_wiz_0/inst/clk_out1" driven by instance "m3_for_arty_a7_i/Clocks_and_Resets/clk_wiz_0/inst/clkout1_buf" located at site "BUFGCTRL_X0Y17"
#startgroup
create_pblock {CLKAG_m3_for_arty_a7_i/Clocks_and_Resets/clk_wiz_0/inst/clk_out1}
add_cells_to_pblock [get_pblocks  {CLKAG_m3_for_arty_a7_i/Clocks_and_Resets/clk_wiz_0/inst/clk_out1}] [get_cells -filter { PRIMITIVE_GROUP != I/O && IS_PRIMITIVE==1 && PRIMITIVE_LEVEL !=INTERNAL } -of_object [get_pins -filter {DIRECTION==IN} -of_objects [get_nets -hierarchical -filter {PARENT=="m3_for_arty_a7_i/Clocks_and_Resets/clk_wiz_0/inst/clk_out1"}]]]
resize_pblock [get_pblocks {CLKAG_m3_for_arty_a7_i/Clocks_and_Resets/clk_wiz_0/inst/clk_out1}] -add {CLOCKREGION_X0Y0:CLOCKREGION_X0Y0 CLOCKREGION_X0Y1:CLOCKREGION_X0Y1 CLOCKREGION_X0Y2:CLOCKREGION_X0Y2 CLOCKREGION_X1Y0:CLOCKREGION_X1Y0 CLOCKREGION_X1Y1:CLOCKREGION_X1Y1 CLOCKREGION_X1Y2:CLOCKREGION_X1Y2}
#endgroup

# Clock net "DAPLink_tri_o_OBUF_BUFG[15]" driven by instance "DAPLink_tri_o_OBUF[15]_BUFG_inst" located at site "BUFGCTRL_X0Y18"
#startgroup
create_pblock {CLKAG_DAPLink_tri_o_OBUF_BUFG[15]}
add_cells_to_pblock [get_pblocks  {CLKAG_DAPLink_tri_o_OBUF_BUFG[15]}] [get_cells -filter { PRIMITIVE_GROUP != I/O && IS_PRIMITIVE==1 && PRIMITIVE_LEVEL !=INTERNAL } -of_object [get_pins -filter {DIRECTION==IN} -of_objects [get_nets -hierarchical -filter {PARENT=="DAPLink_tri_o_OBUF_BUFG[15]"}]]]
resize_pblock [get_pblocks {CLKAG_DAPLink_tri_o_OBUF_BUFG[15]}] -add {CLOCKREGION_X0Y1:CLOCKREGION_X0Y1 CLOCKREGION_X0Y2:CLOCKREGION_X0Y2}
#endgroup
