Copyright 1986-2018 Xilinx, Inc. All Rights Reserved.
------------------------------------------------------------------------------------------------------------------------------------------------------------
| Tool Version : Vivado v.2018.2 (win64) Build 2258646 Thu Jun 14 20:03:12 MDT 2018
| Date         : Sat Apr 13 19:54:22 2019
| Host         : ZYQ-Mac-Win running 64-bit major release  (build 9200)
| Command      : report_drc -file m3_for_arty_a7_wrapper_drc_routed.rpt -pb m3_for_arty_a7_wrapper_drc_routed.pb -rpx m3_for_arty_a7_wrapper_drc_routed.rpx
| Design       : m3_for_arty_a7_wrapper
| Device       : xc7a100tcsg324-1
| Speed File   : -1
| Design State : Routed
------------------------------------------------------------------------------------------------------------------------------------------------------------

Report DRC

Table of Contents
-----------------
1. REPORT SUMMARY
2. REPORT DETAILS

1. REPORT SUMMARY
-----------------
            Netlist: netlist
          Floorplan: design_1
      Design limits: <entire design considered>
           Ruledeck: default
             Max violations: <unlimited>
             Violations found: 47
+-----------+----------+---------------------------------+------------+
| Rule      | Severity | Description                     | Violations |
+-----------+----------+---------------------------------+------------+
| BUFC-1    | Warning  | Input Buffer Connections        | 2          |
| CHECK-3   | Warning  | Report rule limit reached       | 1          |
| DPIP-1    | Warning  | Input pipelining                | 6          |
| DPOP-1    | Warning  | PREG Output pipelining          | 3          |
| DPOP-2    | Warning  | MREG Output pipelining          | 3          |
| REQP-1839 | Warning  | RAMB36 async control check      | 20         |
| REQP-1840 | Warning  | RAMB18 async control check      | 1          |
| RPBF-3    | Warning  | IO port buffering is incomplete | 11         |
+-----------+----------+---------------------------------+------------+

2. REPORT DETAILS
-----------------
BUFC-1#1 Warning
Input Buffer Connections  
Input buffer m3_for_arty_a7_i/tri_io_buf_0/inst/genblk1[0].IOBUF_inst/IBUF (in m3_for_arty_a7_i/tri_io_buf_0/inst/genblk1[0].IOBUF_inst macro) has no loads. It is recommended to have an input buffer drive an internal load.
Related violations: <none>

BUFC-1#2 Warning
Input Buffer Connections  
Input buffer qspi_flash_ss_iobuf/IBUF (in qspi_flash_ss_iobuf macro) has no loads. It is recommended to have an input buffer drive an internal load.
Related violations: <none>

CHECK-3#1 Warning
Report rule limit reached  
REQP-1839 rule limit reached: 20 violations have been found.
Related violations: <none>

DPIP-1#1 Warning
Input pipelining  
DSP m3_for_arty_a7_i/Cortex_M3_0/inst/u_CORTEXM3INTEGRATION/uCORTEXM3/u_cm3_dpu/u_cm3_dpu_alu/u_cm3_dpu_alu_dp/mul_res_ex input m3_for_arty_a7_i/Cortex_M3_0/inst/u_CORTEXM3INTEGRATION/uCORTEXM3/u_cm3_dpu/u_cm3_dpu_alu/u_cm3_dpu_alu_dp/mul_res_ex/A[29:0] is not pipelined. Pipelining DSP48 input will improve performance.
Related violations: <none>

DPIP-1#2 Warning
Input pipelining  
DSP m3_for_arty_a7_i/Cortex_M3_0/inst/u_CORTEXM3INTEGRATION/uCORTEXM3/u_cm3_dpu/u_cm3_dpu_alu/u_cm3_dpu_alu_dp/mul_res_ex input m3_for_arty_a7_i/Cortex_M3_0/inst/u_CORTEXM3INTEGRATION/uCORTEXM3/u_cm3_dpu/u_cm3_dpu_alu/u_cm3_dpu_alu_dp/mul_res_ex/B[17:0] is not pipelined. Pipelining DSP48 input will improve performance.
Related violations: <none>

DPIP-1#3 Warning
Input pipelining  
DSP m3_for_arty_a7_i/Cortex_M3_0/inst/u_CORTEXM3INTEGRATION/uCORTEXM3/u_cm3_dpu/u_cm3_dpu_alu/u_cm3_dpu_alu_dp/mul_res_ex__0 input m3_for_arty_a7_i/Cortex_M3_0/inst/u_CORTEXM3INTEGRATION/uCORTEXM3/u_cm3_dpu/u_cm3_dpu_alu/u_cm3_dpu_alu_dp/mul_res_ex__0/A[29:0] is not pipelined. Pipelining DSP48 input will improve performance.
Related violations: <none>

DPIP-1#4 Warning
Input pipelining  
DSP m3_for_arty_a7_i/Cortex_M3_0/inst/u_CORTEXM3INTEGRATION/uCORTEXM3/u_cm3_dpu/u_cm3_dpu_alu/u_cm3_dpu_alu_dp/mul_res_ex__0 input m3_for_arty_a7_i/Cortex_M3_0/inst/u_CORTEXM3INTEGRATION/uCORTEXM3/u_cm3_dpu/u_cm3_dpu_alu/u_cm3_dpu_alu_dp/mul_res_ex__0/B[17:0] is not pipelined. Pipelining DSP48 input will improve performance.
Related violations: <none>

DPIP-1#5 Warning
Input pipelining  
DSP m3_for_arty_a7_i/Cortex_M3_0/inst/u_CORTEXM3INTEGRATION/uCORTEXM3/u_cm3_dpu/u_cm3_dpu_alu/u_cm3_dpu_alu_dp/mul_res_ex__1 input m3_for_arty_a7_i/Cortex_M3_0/inst/u_CORTEXM3INTEGRATION/uCORTEXM3/u_cm3_dpu/u_cm3_dpu_alu/u_cm3_dpu_alu_dp/mul_res_ex__1/A[29:0] is not pipelined. Pipelining DSP48 input will improve performance.
Related violations: <none>

DPIP-1#6 Warning
Input pipelining  
DSP m3_for_arty_a7_i/Cortex_M3_0/inst/u_CORTEXM3INTEGRATION/uCORTEXM3/u_cm3_dpu/u_cm3_dpu_alu/u_cm3_dpu_alu_dp/mul_res_ex__1 input m3_for_arty_a7_i/Cortex_M3_0/inst/u_CORTEXM3INTEGRATION/uCORTEXM3/u_cm3_dpu/u_cm3_dpu_alu/u_cm3_dpu_alu_dp/mul_res_ex__1/B[17:0] is not pipelined. Pipelining DSP48 input will improve performance.
Related violations: <none>

DPOP-1#1 Warning
PREG Output pipelining  
DSP m3_for_arty_a7_i/Cortex_M3_0/inst/u_CORTEXM3INTEGRATION/uCORTEXM3/u_cm3_dpu/u_cm3_dpu_alu/u_cm3_dpu_alu_dp/mul_res_ex output m3_for_arty_a7_i/Cortex_M3_0/inst/u_CORTEXM3INTEGRATION/uCORTEXM3/u_cm3_dpu/u_cm3_dpu_alu/u_cm3_dpu_alu_dp/mul_res_ex/P[47:0] is not pipelined (PREG=0). Pipelining the DSP48 output will improve performance and often saves power so it is suggested whenever possible to fully pipeline this function.  If this DSP48 function was inferred, it is suggested to describe an additional register stage after this function.  If the DSP48 was instantiated in the design, it is suggested to set the PREG attribute to 1.
Related violations: <none>

DPOP-1#2 Warning
PREG Output pipelining  
DSP m3_for_arty_a7_i/Cortex_M3_0/inst/u_CORTEXM3INTEGRATION/uCORTEXM3/u_cm3_dpu/u_cm3_dpu_alu/u_cm3_dpu_alu_dp/mul_res_ex__0 output m3_for_arty_a7_i/Cortex_M3_0/inst/u_CORTEXM3INTEGRATION/uCORTEXM3/u_cm3_dpu/u_cm3_dpu_alu/u_cm3_dpu_alu_dp/mul_res_ex__0/P[47:0] is not pipelined (PREG=0). Pipelining the DSP48 output will improve performance and often saves power so it is suggested whenever possible to fully pipeline this function.  If this DSP48 function was inferred, it is suggested to describe an additional register stage after this function.  If the DSP48 was instantiated in the design, it is suggested to set the PREG attribute to 1.
Related violations: <none>

DPOP-1#3 Warning
PREG Output pipelining  
DSP m3_for_arty_a7_i/Cortex_M3_0/inst/u_CORTEXM3INTEGRATION/uCORTEXM3/u_cm3_dpu/u_cm3_dpu_alu/u_cm3_dpu_alu_dp/mul_res_ex__1 output m3_for_arty_a7_i/Cortex_M3_0/inst/u_CORTEXM3INTEGRATION/uCORTEXM3/u_cm3_dpu/u_cm3_dpu_alu/u_cm3_dpu_alu_dp/mul_res_ex__1/P[47:0] is not pipelined (PREG=0). Pipelining the DSP48 output will improve performance and often saves power so it is suggested whenever possible to fully pipeline this function.  If this DSP48 function was inferred, it is suggested to describe an additional register stage after this function.  If the DSP48 was instantiated in the design, it is suggested to set the PREG attribute to 1.
Related violations: <none>

DPOP-2#1 Warning
MREG Output pipelining  
DSP m3_for_arty_a7_i/Cortex_M3_0/inst/u_CORTEXM3INTEGRATION/uCORTEXM3/u_cm3_dpu/u_cm3_dpu_alu/u_cm3_dpu_alu_dp/mul_res_ex multiplier stage m3_for_arty_a7_i/Cortex_M3_0/inst/u_CORTEXM3INTEGRATION/uCORTEXM3/u_cm3_dpu/u_cm3_dpu_alu/u_cm3_dpu_alu_dp/mul_res_ex/P[47:0] is not pipelined (MREG=0). Pipelining the multiplier function will improve performance and will save significant power so it is suggested whenever possible to fully pipeline this function.  If this multiplier was inferred, it is suggested to describe an additional register stage after this function.  If there is no registered adder/accumulator following the multiply function, two pipeline stages are suggested to allow both the MREG and PREG registers to be used.  If the DSP48 was instantiated in the design, it is suggested to set both the MREG and PREG attributes to 1 when performing multiply functions.
Related violations: <none>

DPOP-2#2 Warning
MREG Output pipelining  
DSP m3_for_arty_a7_i/Cortex_M3_0/inst/u_CORTEXM3INTEGRATION/uCORTEXM3/u_cm3_dpu/u_cm3_dpu_alu/u_cm3_dpu_alu_dp/mul_res_ex__0 multiplier stage m3_for_arty_a7_i/Cortex_M3_0/inst/u_CORTEXM3INTEGRATION/uCORTEXM3/u_cm3_dpu/u_cm3_dpu_alu/u_cm3_dpu_alu_dp/mul_res_ex__0/P[47:0] is not pipelined (MREG=0). Pipelining the multiplier function will improve performance and will save significant power so it is suggested whenever possible to fully pipeline this function.  If this multiplier was inferred, it is suggested to describe an additional register stage after this function.  If there is no registered adder/accumulator following the multiply function, two pipeline stages are suggested to allow both the MREG and PREG registers to be used.  If the DSP48 was instantiated in the design, it is suggested to set both the MREG and PREG attributes to 1 when performing multiply functions.
Related violations: <none>

DPOP-2#3 Warning
MREG Output pipelining  
DSP m3_for_arty_a7_i/Cortex_M3_0/inst/u_CORTEXM3INTEGRATION/uCORTEXM3/u_cm3_dpu/u_cm3_dpu_alu/u_cm3_dpu_alu_dp/mul_res_ex__1 multiplier stage m3_for_arty_a7_i/Cortex_M3_0/inst/u_CORTEXM3INTEGRATION/uCORTEXM3/u_cm3_dpu/u_cm3_dpu_alu/u_cm3_dpu_alu_dp/mul_res_ex__1/P[47:0] is not pipelined (MREG=0). Pipelining the multiplier function will improve performance and will save significant power so it is suggested whenever possible to fully pipeline this function.  If this multiplier was inferred, it is suggested to describe an additional register stage after this function.  If there is no registered adder/accumulator following the multiply function, two pipeline stages are suggested to allow both the MREG and PREG registers to be used.  If the DSP48 was instantiated in the design, it is suggested to set both the MREG and PREG attributes to 1 when performing multiply functions.
Related violations: <none>

REQP-1839#1 Warning
RAMB36 async control check  
The RAMB36E1 m3_for_arty_a7_i/Cortex_M3_0/inst/u_x_dtcm/genblk3[1].ram_block_reg_0_0 has an input control pin m3_for_arty_a7_i/Cortex_M3_0/inst/u_x_dtcm/genblk3[1].ram_block_reg_0_0/ADDRARDADDR[14] (net: m3_for_arty_a7_i/Cortex_M3_0/inst/u_x_dtcm/buf_addr_reg[12][12]) which is driven by a register (m3_for_arty_a7_i/Cortex_M3_0/inst/u_CORTEXM3INTEGRATION/uCORTEXM3/u_cm3_bus_matrix/u_cm3_mtx_bit_master/bm_icore_to_sys_valid_reg_reg) that has an active asychronous set or reset. This may cause corruption of the memory contents and/or read values when the set/reset is asserted and is not analyzed by the default static timing analysis. It is suggested to eliminate the use of a set/reset to registers driving this RAMB pin or else use a synchronous reset in which the assertion of the reset is timed by default.
Related violations: <none>

REQP-1839#2 Warning
RAMB36 async control check  
The RAMB36E1 m3_for_arty_a7_i/Cortex_M3_0/inst/u_x_dtcm/genblk3[1].ram_block_reg_0_0 has an input control pin m3_for_arty_a7_i/Cortex_M3_0/inst/u_x_dtcm/genblk3[1].ram_block_reg_0_0/ADDRARDADDR[14] (net: m3_for_arty_a7_i/Cortex_M3_0/inst/u_x_dtcm/buf_addr_reg[12][12]) which is driven by a register (m3_for_arty_a7_i/Cortex_M3_0/inst/u_CORTEXM3INTEGRATION/uCORTEXM3/u_cm3_bus_matrix/u_cm3_mtx_bit_master/bm_master_sel_reg[0]) that has an active asychronous set or reset. This may cause corruption of the memory contents and/or read values when the set/reset is asserted and is not analyzed by the default static timing analysis. It is suggested to eliminate the use of a set/reset to registers driving this RAMB pin or else use a synchronous reset in which the assertion of the reset is timed by default.
Related violations: <none>

REQP-1839#3 Warning
RAMB36 async control check  
The RAMB36E1 m3_for_arty_a7_i/Cortex_M3_0/inst/u_x_dtcm/genblk3[1].ram_block_reg_0_0 has an input control pin m3_for_arty_a7_i/Cortex_M3_0/inst/u_x_dtcm/genblk3[1].ram_block_reg_0_0/ADDRARDADDR[14] (net: m3_for_arty_a7_i/Cortex_M3_0/inst/u_x_dtcm/buf_addr_reg[12][12]) which is driven by a register (m3_for_arty_a7_i/Cortex_M3_0/inst/u_CORTEXM3INTEGRATION/uCORTEXM3/u_cm3_bus_matrix/u_cm3_mtx_bit_master/bm_master_sel_reg[1]) that has an active asychronous set or reset. This may cause corruption of the memory contents and/or read values when the set/reset is asserted and is not analyzed by the default static timing analysis. It is suggested to eliminate the use of a set/reset to registers driving this RAMB pin or else use a synchronous reset in which the assertion of the reset is timed by default.
Related violations: <none>

REQP-1839#4 Warning
RAMB36 async control check  
The RAMB36E1 m3_for_arty_a7_i/Cortex_M3_0/inst/u_x_dtcm/genblk3[1].ram_block_reg_0_0 has an input control pin m3_for_arty_a7_i/Cortex_M3_0/inst/u_x_dtcm/genblk3[1].ram_block_reg_0_0/ADDRARDADDR[14] (net: m3_for_arty_a7_i/Cortex_M3_0/inst/u_x_dtcm/buf_addr_reg[12][12]) which is driven by a register (m3_for_arty_a7_i/Cortex_M3_0/inst/u_CORTEXM3INTEGRATION/uCORTEXM3/u_cm3_bus_matrix/u_cm3_mtx_bit_master/bm_master_sel_reg[2]) that has an active asychronous set or reset. This may cause corruption of the memory contents and/or read values when the set/reset is asserted and is not analyzed by the default static timing analysis. It is suggested to eliminate the use of a set/reset to registers driving this RAMB pin or else use a synchronous reset in which the assertion of the reset is timed by default.
Related violations: <none>

REQP-1839#5 Warning
RAMB36 async control check  
The RAMB36E1 m3_for_arty_a7_i/Cortex_M3_0/inst/u_x_dtcm/genblk3[1].ram_block_reg_0_0 has an input control pin m3_for_arty_a7_i/Cortex_M3_0/inst/u_x_dtcm/genblk3[1].ram_block_reg_0_0/ADDRARDADDR[14] (net: m3_for_arty_a7_i/Cortex_M3_0/inst/u_x_dtcm/buf_addr_reg[12][12]) which is driven by a register (m3_for_arty_a7_i/Cortex_M3_0/inst/u_CORTEXM3INTEGRATION/uCORTEXM3/u_cm3_bus_matrix/u_cm3_mtx_bit_master/bm_slave_sel_reg[0]) that has an active asychronous set or reset. This may cause corruption of the memory contents and/or read values when the set/reset is asserted and is not analyzed by the default static timing analysis. It is suggested to eliminate the use of a set/reset to registers driving this RAMB pin or else use a synchronous reset in which the assertion of the reset is timed by default.
Related violations: <none>

REQP-1839#6 Warning
RAMB36 async control check  
The RAMB36E1 m3_for_arty_a7_i/Cortex_M3_0/inst/u_x_dtcm/genblk3[1].ram_block_reg_0_0 has an input control pin m3_for_arty_a7_i/Cortex_M3_0/inst/u_x_dtcm/genblk3[1].ram_block_reg_0_0/ADDRARDADDR[14] (net: m3_for_arty_a7_i/Cortex_M3_0/inst/u_x_dtcm/buf_addr_reg[12][12]) which is driven by a register (m3_for_arty_a7_i/Cortex_M3_0/inst/u_CORTEXM3INTEGRATION/uCORTEXM3/u_cm3_bus_matrix/u_cm3_mtx_bit_master/bm_slave_sel_reg[1]) that has an active asychronous set or reset. This may cause corruption of the memory contents and/or read values when the set/reset is asserted and is not analyzed by the default static timing analysis. It is suggested to eliminate the use of a set/reset to registers driving this RAMB pin or else use a synchronous reset in which the assertion of the reset is timed by default.
Related violations: <none>

REQP-1839#7 Warning
RAMB36 async control check  
The RAMB36E1 m3_for_arty_a7_i/Cortex_M3_0/inst/u_x_dtcm/genblk3[1].ram_block_reg_0_0 has an input control pin m3_for_arty_a7_i/Cortex_M3_0/inst/u_x_dtcm/genblk3[1].ram_block_reg_0_0/ADDRARDADDR[14] (net: m3_for_arty_a7_i/Cortex_M3_0/inst/u_x_dtcm/buf_addr_reg[12][12]) which is driven by a register (m3_for_arty_a7_i/Cortex_M3_0/inst/u_CORTEXM3INTEGRATION/uCORTEXM3/u_cm3_bus_matrix/u_cm3_mtx_bit_master/bm_state_reg[0]) that has an active asychronous set or reset. This may cause corruption of the memory contents and/or read values when the set/reset is asserted and is not analyzed by the default static timing analysis. It is suggested to eliminate the use of a set/reset to registers driving this RAMB pin or else use a synchronous reset in which the assertion of the reset is timed by default.
Related violations: <none>

REQP-1839#8 Warning
RAMB36 async control check  
The RAMB36E1 m3_for_arty_a7_i/Cortex_M3_0/inst/u_x_dtcm/genblk3[1].ram_block_reg_0_0 has an input control pin m3_for_arty_a7_i/Cortex_M3_0/inst/u_x_dtcm/genblk3[1].ram_block_reg_0_0/ADDRARDADDR[14] (net: m3_for_arty_a7_i/Cortex_M3_0/inst/u_x_dtcm/buf_addr_reg[12][12]) which is driven by a register (m3_for_arty_a7_i/Cortex_M3_0/inst/u_CORTEXM3INTEGRATION/uCORTEXM3/u_cm3_bus_matrix/u_cm3_mtx_bit_master/bm_state_reg[1]) that has an active asychronous set or reset. This may cause corruption of the memory contents and/or read values when the set/reset is asserted and is not analyzed by the default static timing analysis. It is suggested to eliminate the use of a set/reset to registers driving this RAMB pin or else use a synchronous reset in which the assertion of the reset is timed by default.
Related violations: <none>

REQP-1839#9 Warning
RAMB36 async control check  
The RAMB36E1 m3_for_arty_a7_i/Cortex_M3_0/inst/u_x_dtcm/genblk3[1].ram_block_reg_0_0 has an input control pin m3_for_arty_a7_i/Cortex_M3_0/inst/u_x_dtcm/genblk3[1].ram_block_reg_0_0/ADDRARDADDR[14] (net: m3_for_arty_a7_i/Cortex_M3_0/inst/u_x_dtcm/buf_addr_reg[12][12]) which is driven by a register (m3_for_arty_a7_i/Cortex_M3_0/inst/u_CORTEXM3INTEGRATION/uCORTEXM3/u_cm3_bus_matrix/u_cm3_mtx_bit_master/bm_state_reg[2]) that has an active asychronous set or reset. This may cause corruption of the memory contents and/or read values when the set/reset is asserted and is not analyzed by the default static timing analysis. It is suggested to eliminate the use of a set/reset to registers driving this RAMB pin or else use a synchronous reset in which the assertion of the reset is timed by default.
Related violations: <none>

REQP-1839#10 Warning
RAMB36 async control check  
The RAMB36E1 m3_for_arty_a7_i/Cortex_M3_0/inst/u_x_dtcm/genblk3[1].ram_block_reg_0_0 has an input control pin m3_for_arty_a7_i/Cortex_M3_0/inst/u_x_dtcm/genblk3[1].ram_block_reg_0_0/ADDRARDADDR[14] (net: m3_for_arty_a7_i/Cortex_M3_0/inst/u_x_dtcm/buf_addr_reg[12][12]) which is driven by a register (m3_for_arty_a7_i/Cortex_M3_0/inst/u_CORTEXM3INTEGRATION/uCORTEXM3/u_cm3_bus_matrix/u_cm3_mtx_bit_master/bm_state_reg[3]) that has an active asychronous set or reset. This may cause corruption of the memory contents and/or read values when the set/reset is asserted and is not analyzed by the default static timing analysis. It is suggested to eliminate the use of a set/reset to registers driving this RAMB pin or else use a synchronous reset in which the assertion of the reset is timed by default.
Related violations: <none>

REQP-1839#11 Warning
RAMB36 async control check  
The RAMB36E1 m3_for_arty_a7_i/Cortex_M3_0/inst/u_x_dtcm/genblk3[1].ram_block_reg_0_0 has an input control pin m3_for_arty_a7_i/Cortex_M3_0/inst/u_x_dtcm/genblk3[1].ram_block_reg_0_0/ADDRARDADDR[14] (net: m3_for_arty_a7_i/Cortex_M3_0/inst/u_x_dtcm/buf_addr_reg[12][12]) which is driven by a register (m3_for_arty_a7_i/Cortex_M3_0/inst/u_CORTEXM3INTEGRATION/uCORTEXM3/u_cm3_bus_matrix/u_cm3_mtx_bit_master/dcore_fpb_pend_reg) that has an active asychronous set or reset. This may cause corruption of the memory contents and/or read values when the set/reset is asserted and is not analyzed by the default static timing analysis. It is suggested to eliminate the use of a set/reset to registers driving this RAMB pin or else use a synchronous reset in which the assertion of the reset is timed by default.
Related violations: <none>

REQP-1839#12 Warning
RAMB36 async control check  
The RAMB36E1 m3_for_arty_a7_i/Cortex_M3_0/inst/u_x_dtcm/genblk3[1].ram_block_reg_0_0 has an input control pin m3_for_arty_a7_i/Cortex_M3_0/inst/u_x_dtcm/genblk3[1].ram_block_reg_0_0/ADDRARDADDR[14] (net: m3_for_arty_a7_i/Cortex_M3_0/inst/u_x_dtcm/buf_addr_reg[12][12]) which is driven by a register (m3_for_arty_a7_i/Cortex_M3_0/inst/u_CORTEXM3INTEGRATION/uCORTEXM3/u_cm3_bus_matrix/u_cm3_mtx_bit_master/suppress_buff_write_reg) that has an active asychronous set or reset. This may cause corruption of the memory contents and/or read values when the set/reset is asserted and is not analyzed by the default static timing analysis. It is suggested to eliminate the use of a set/reset to registers driving this RAMB pin or else use a synchronous reset in which the assertion of the reset is timed by default.
Related violations: <none>

REQP-1839#13 Warning
RAMB36 async control check  
The RAMB36E1 m3_for_arty_a7_i/Cortex_M3_0/inst/u_x_dtcm/genblk3[1].ram_block_reg_0_0 has an input control pin m3_for_arty_a7_i/Cortex_M3_0/inst/u_x_dtcm/genblk3[1].ram_block_reg_0_0/ADDRARDADDR[14] (net: m3_for_arty_a7_i/Cortex_M3_0/inst/u_x_dtcm/buf_addr_reg[12][12]) which is driven by a register (m3_for_arty_a7_i/Cortex_M3_0/inst/u_CORTEXM3INTEGRATION/uCORTEXM3/u_cm3_bus_matrix/u_cm3_mtx_bit_master/unalign_2nd_lookup_reg) that has an active asychronous set or reset. This may cause corruption of the memory contents and/or read values when the set/reset is asserted and is not analyzed by the default static timing analysis. It is suggested to eliminate the use of a set/reset to registers driving this RAMB pin or else use a synchronous reset in which the assertion of the reset is timed by default.
Related violations: <none>

REQP-1839#14 Warning
RAMB36 async control check  
The RAMB36E1 m3_for_arty_a7_i/Cortex_M3_0/inst/u_x_dtcm/genblk3[1].ram_block_reg_0_0 has an input control pin m3_for_arty_a7_i/Cortex_M3_0/inst/u_x_dtcm/genblk3[1].ram_block_reg_0_0/ADDRARDADDR[14] (net: m3_for_arty_a7_i/Cortex_M3_0/inst/u_x_dtcm/buf_addr_reg[12][12]) which is driven by a register (m3_for_arty_a7_i/Cortex_M3_0/inst/u_CORTEXM3INTEGRATION/uCORTEXM3/u_cm3_bus_matrix/u_cm3_mtx_bit_master/unalign_cancel_reg) that has an active asychronous set or reset. This may cause corruption of the memory contents and/or read values when the set/reset is asserted and is not analyzed by the default static timing analysis. It is suggested to eliminate the use of a set/reset to registers driving this RAMB pin or else use a synchronous reset in which the assertion of the reset is timed by default.
Related violations: <none>

REQP-1839#15 Warning
RAMB36 async control check  
The RAMB36E1 m3_for_arty_a7_i/Cortex_M3_0/inst/u_x_dtcm/genblk3[1].ram_block_reg_0_0 has an input control pin m3_for_arty_a7_i/Cortex_M3_0/inst/u_x_dtcm/genblk3[1].ram_block_reg_0_0/ADDRARDADDR[14] (net: m3_for_arty_a7_i/Cortex_M3_0/inst/u_x_dtcm/buf_addr_reg[12][12]) which is driven by a register (m3_for_arty_a7_i/Cortex_M3_0/inst/u_CORTEXM3INTEGRATION/uCORTEXM3/u_cm3_bus_matrix/u_cm3_mtx_decode_dap/dap_to_dcode_accept_reg_reg) that has an active asychronous set or reset. This may cause corruption of the memory contents and/or read values when the set/reset is asserted and is not analyzed by the default static timing analysis. It is suggested to eliminate the use of a set/reset to registers driving this RAMB pin or else use a synchronous reset in which the assertion of the reset is timed by default.
Related violations: <none>

REQP-1839#16 Warning
RAMB36 async control check  
The RAMB36E1 m3_for_arty_a7_i/Cortex_M3_0/inst/u_x_dtcm/genblk3[1].ram_block_reg_0_0 has an input control pin m3_for_arty_a7_i/Cortex_M3_0/inst/u_x_dtcm/genblk3[1].ram_block_reg_0_0/ADDRARDADDR[14] (net: m3_for_arty_a7_i/Cortex_M3_0/inst/u_x_dtcm/buf_addr_reg[12][12]) which is driven by a register (m3_for_arty_a7_i/Cortex_M3_0/inst/u_CORTEXM3INTEGRATION/uCORTEXM3/u_cm3_bus_matrix/u_cm3_mtx_decode_dap/dap_to_ppb_accept_reg_reg) that has an active asychronous set or reset. This may cause corruption of the memory contents and/or read values when the set/reset is asserted and is not analyzed by the default static timing analysis. It is suggested to eliminate the use of a set/reset to registers driving this RAMB pin or else use a synchronous reset in which the assertion of the reset is timed by default.
Related violations: <none>

REQP-1839#17 Warning
RAMB36 async control check  
The RAMB36E1 m3_for_arty_a7_i/Cortex_M3_0/inst/u_x_dtcm/genblk3[1].ram_block_reg_0_0 has an input control pin m3_for_arty_a7_i/Cortex_M3_0/inst/u_x_dtcm/genblk3[1].ram_block_reg_0_0/ADDRARDADDR[14] (net: m3_for_arty_a7_i/Cortex_M3_0/inst/u_x_dtcm/buf_addr_reg[12][12]) which is driven by a register (m3_for_arty_a7_i/Cortex_M3_0/inst/u_CORTEXM3INTEGRATION/uCORTEXM3/u_cm3_bus_matrix/u_cm3_mtx_decode_dcore/dcore_to_ppb_accept_reg_reg) that has an active asychronous set or reset. This may cause corruption of the memory contents and/or read values when the set/reset is asserted and is not analyzed by the default static timing analysis. It is suggested to eliminate the use of a set/reset to registers driving this RAMB pin or else use a synchronous reset in which the assertion of the reset is timed by default.
Related violations: <none>

REQP-1839#18 Warning
RAMB36 async control check  
The RAMB36E1 m3_for_arty_a7_i/Cortex_M3_0/inst/u_x_dtcm/genblk3[1].ram_block_reg_0_0 has an input control pin m3_for_arty_a7_i/Cortex_M3_0/inst/u_x_dtcm/genblk3[1].ram_block_reg_0_0/ADDRARDADDR[14] (net: m3_for_arty_a7_i/Cortex_M3_0/inst/u_x_dtcm/buf_addr_reg[12][12]) which is driven by a register (m3_for_arty_a7_i/Cortex_M3_0/inst/u_CORTEXM3INTEGRATION/uCORTEXM3/u_cm3_bus_matrix/u_cm3_mtx_input_stage_dcore/buffered_write_reg[0]) that has an active asychronous set or reset. This may cause corruption of the memory contents and/or read values when the set/reset is asserted and is not analyzed by the default static timing analysis. It is suggested to eliminate the use of a set/reset to registers driving this RAMB pin or else use a synchronous reset in which the assertion of the reset is timed by default.
Related violations: <none>

REQP-1839#19 Warning
RAMB36 async control check  
The RAMB36E1 m3_for_arty_a7_i/Cortex_M3_0/inst/u_x_dtcm/genblk3[1].ram_block_reg_0_0 has an input control pin m3_for_arty_a7_i/Cortex_M3_0/inst/u_x_dtcm/genblk3[1].ram_block_reg_0_0/ADDRARDADDR[14] (net: m3_for_arty_a7_i/Cortex_M3_0/inst/u_x_dtcm/buf_addr_reg[12][12]) which is driven by a register (m3_for_arty_a7_i/Cortex_M3_0/inst/u_CORTEXM3INTEGRATION/uCORTEXM3/u_cm3_bus_matrix/u_cm3_mtx_input_stage_dcore/buffered_write_reg[1]) that has an active asychronous set or reset. This may cause corruption of the memory contents and/or read values when the set/reset is asserted and is not analyzed by the default static timing analysis. It is suggested to eliminate the use of a set/reset to registers driving this RAMB pin or else use a synchronous reset in which the assertion of the reset is timed by default.
Related violations: <none>

REQP-1839#20 Warning
RAMB36 async control check  
The RAMB36E1 m3_for_arty_a7_i/Cortex_M3_0/inst/u_x_dtcm/genblk3[1].ram_block_reg_0_0 has an input control pin m3_for_arty_a7_i/Cortex_M3_0/inst/u_x_dtcm/genblk3[1].ram_block_reg_0_0/ADDRARDADDR[14] (net: m3_for_arty_a7_i/Cortex_M3_0/inst/u_x_dtcm/buf_addr_reg[12][12]) which is driven by a register (m3_for_arty_a7_i/Cortex_M3_0/inst/u_CORTEXM3INTEGRATION/uCORTEXM3/u_cm3_bus_matrix/u_cm3_mtx_input_stage_dcore/mpu_canceld_reg_reg) that has an active asychronous set or reset. This may cause corruption of the memory contents and/or read values when the set/reset is asserted and is not analyzed by the default static timing analysis. It is suggested to eliminate the use of a set/reset to registers driving this RAMB pin or else use a synchronous reset in which the assertion of the reset is timed by default.
Related violations: <none>

REQP-1840#1 Warning
RAMB18 async control check  
The RAMB18E1 m3_for_arty_a7_i/daplink_if_0/axi_xip_quad_spi_0/U0/NO_DUAL_QUAD_MODE.QSPI_NORMAL/XIP_MODE_GEN.AXI_QSPI_XIP_I/XIP_RECEIVE_FIFO_II/xpm_fifo_instance.xpm_fifo_async_inst/gnuram_async_fifo.xpm_fifo_base_inst/gen_sdpram.xpm_memory_base_inst/gen_wr_a.gen_word_narrow.mem_reg has an input control pin m3_for_arty_a7_i/daplink_if_0/axi_xip_quad_spi_0/U0/NO_DUAL_QUAD_MODE.QSPI_NORMAL/XIP_MODE_GEN.AXI_QSPI_XIP_I/XIP_RECEIVE_FIFO_II/xpm_fifo_instance.xpm_fifo_async_inst/gnuram_async_fifo.xpm_fifo_base_inst/gen_sdpram.xpm_memory_base_inst/gen_wr_a.gen_word_narrow.mem_reg/ENARDEN (net: m3_for_arty_a7_i/daplink_if_0/axi_xip_quad_spi_0/U0/NO_DUAL_QUAD_MODE.QSPI_NORMAL/XIP_MODE_GEN.AXI_QSPI_XIP_I/XIP_RECEIVE_FIFO_II/xpm_fifo_instance.xpm_fifo_async_inst/gnuram_async_fifo.xpm_fifo_base_inst/gen_sdpram.xpm_memory_base_inst/enb) which is driven by a register (m3_for_arty_a7_i/Cortex_M3_0/inst/u_c_AhbSToAxi/uA11AhbLiteMToAxi/iRREADY_reg) that has an active asychronous set or reset. This may cause corruption of the memory contents and/or read values when the set/reset is asserted and is not analyzed by the default static timing analysis. It is suggested to eliminate the use of a set/reset to registers driving this RAMB pin or else use a synchronous reset in which the assertion of the reset is timed by default.
Related violations: <none>

RPBF-3#1 Warning
IO port buffering is incomplete  
Device port DAPLink_tri_o[0] expects both input and output buffering but the buffers are incomplete.
Related violations: <none>

RPBF-3#2 Warning
IO port buffering is incomplete  
Device port DAPLink_tri_o[10] expects both input and output buffering but the buffers are incomplete.
Related violations: <none>

RPBF-3#3 Warning
IO port buffering is incomplete  
Device port DAPLink_tri_o[11] expects both input and output buffering but the buffers are incomplete.
Related violations: <none>

RPBF-3#4 Warning
IO port buffering is incomplete  
Device port DAPLink_tri_o[12] expects both input and output buffering but the buffers are incomplete.
Related violations: <none>

RPBF-3#5 Warning
IO port buffering is incomplete  
Device port DAPLink_tri_o[13] expects both input and output buffering but the buffers are incomplete.
Related violations: <none>

RPBF-3#6 Warning
IO port buffering is incomplete  
Device port DAPLink_tri_o[15] expects both input and output buffering but the buffers are incomplete.
Related violations: <none>

RPBF-3#7 Warning
IO port buffering is incomplete  
Device port DAPLink_tri_o[1] expects both input and output buffering but the buffers are incomplete.
Related violations: <none>

RPBF-3#8 Warning
IO port buffering is incomplete  
Device port DAPLink_tri_o[2] expects both input and output buffering but the buffers are incomplete.
Related violations: <none>

RPBF-3#9 Warning
IO port buffering is incomplete  
Device port DAPLink_tri_o[3] expects both input and output buffering but the buffers are incomplete.
Related violations: <none>

RPBF-3#10 Warning
IO port buffering is incomplete  
Device port DAPLink_tri_o[8] expects both input and output buffering but the buffers are incomplete.
Related violations: <none>

RPBF-3#11 Warning
IO port buffering is incomplete  
Device port DAPLink_tri_o[9] expects both input and output buffering but the buffers are incomplete.
Related violations: <none>


